C:\Users\Parker\source\repos\GravityCodeChallenge\GravityCodeChallenge\Web\dist\out-tsc\e2e\app.po.js
C:\Users\Parker\source\repos\GravityCodeChallenge\GravityCodeChallenge\Web\dist\out-tsc\e2e\app.po.js.map
C:\Users\Parker\source\repos\GravityCodeChallenge\GravityCodeChallenge\Web\dist\out-tsc\e2e\app.e2e-spec.js
C:\Users\Parker\source\repos\GravityCodeChallenge\GravityCodeChallenge\Web\dist\out-tsc\e2e\app.e2e-spec.js.map
C:\Users\Parker\source\repos\GravityCodeChallenge\GravityCodeChallenge\Web\dist\out-tsc\src\app\app.component.js
C:\Users\Parker\source\repos\GravityCodeChallenge\GravityCodeChallenge\Web\dist\out-tsc\src\app\app.component.js.map
C:\Users\Parker\source\repos\GravityCodeChallenge\GravityCodeChallenge\Web\dist\out-tsc\src\app\modules\files\process-file\process-file.component.js
C:\Users\Parker\source\repos\GravityCodeChallenge\GravityCodeChallenge\Web\dist\out-tsc\src\app\modules\files\process-file\process-file.component.js.map
C:\Users\Parker\source\repos\GravityCodeChallenge\GravityCodeChallenge\Web\dist\out-tsc\src\app\modules\files\files.module.js
C:\Users\Parker\source\repos\GravityCodeChallenge\GravityCodeChallenge\Web\dist\out-tsc\src\app\modules\files\files.module.js.map
C:\Users\Parker\source\repos\GravityCodeChallenge\GravityCodeChallenge\Web\dist\out-tsc\src\app\app-routing.module.js
C:\Users\Parker\source\repos\GravityCodeChallenge\GravityCodeChallenge\Web\dist\out-tsc\src\app\app-routing.module.js.map
C:\Users\Parker\source\repos\GravityCodeChallenge\GravityCodeChallenge\Web\dist\out-tsc\src\app\services\file.service.js
C:\Users\Parker\source\repos\GravityCodeChallenge\GravityCodeChallenge\Web\dist\out-tsc\src\app\services\file.service.js.map
C:\Users\Parker\source\repos\GravityCodeChallenge\GravityCodeChallenge\Web\dist\out-tsc\src\app\app.module.js
C:\Users\Parker\source\repos\GravityCodeChallenge\GravityCodeChallenge\Web\dist\out-tsc\src\app\app.module.js.map
C:\Users\Parker\source\repos\GravityCodeChallenge\GravityCodeChallenge\Web\dist\out-tsc\src\environments\environment.js
C:\Users\Parker\source\repos\GravityCodeChallenge\GravityCodeChallenge\Web\dist\out-tsc\src\environments\environment.js.map
C:\Users\Parker\source\repos\GravityCodeChallenge\GravityCodeChallenge\Web\dist\out-tsc\src\main.js
C:\Users\Parker\source\repos\GravityCodeChallenge\GravityCodeChallenge\Web\dist\out-tsc\src\main.js.map
C:\Users\Parker\source\repos\GravityCodeChallenge\GravityCodeChallenge\Web\dist\out-tsc\src\polyfills.js
C:\Users\Parker\source\repos\GravityCodeChallenge\GravityCodeChallenge\Web\dist\out-tsc\src\polyfills.js.map
C:\Users\Parker\source\repos\GravityCodeChallenge\GravityCodeChallenge\Web\dist\out-tsc\src\test.js
C:\Users\Parker\source\repos\GravityCodeChallenge\GravityCodeChallenge\Web\dist\out-tsc\src\test.js.map
C:\Users\Parker\source\repos\GravityCodeChallenge\GravityCodeChallenge\Web\dist\out-tsc\src\app\app.component.spec.js
C:\Users\Parker\source\repos\GravityCodeChallenge\GravityCodeChallenge\Web\dist\out-tsc\src\app\app.component.spec.js.map
C:\Users\Parker\source\repos\GravityCodeChallenge\GravityCodeChallenge\Web\dist\out-tsc\src\environments\environment.prod.js
C:\Users\Parker\source\repos\GravityCodeChallenge\GravityCodeChallenge\Web\dist\out-tsc\src\environments\environment.prod.js.map
C:\Users\Parker\source\repos\GravityCodeChallenge\GravityCodeChallenge\Web\dist\out-tsc\src\app\modules\files\process-file\process-file.component.spec.js
C:\Users\Parker\source\repos\GravityCodeChallenge\GravityCodeChallenge\Web\dist\out-tsc\src\app\modules\files\process-file\process-file.component.spec.js.map
